2026-06-10 13:09:19.008 | INFO     | logging:callHandlers:1737 - Started server process [10210]
2026-06-10 13:09:19.008 | INFO     | logging:callHandlers:1737 - Waiting for application startup.
2026-06-10 13:09:19.008 | INFO     | logging:callHandlers:1737 - Application startup complete.
2026-06-10 13:10:55.304 | INFO     | logging:callHandlers:1737 - Shutting down
2026-06-10 13:10:55.404 | INFO     | logging:callHandlers:1737 - Waiting for application shutdown.
2026-06-10 13:10:55.405 | INFO     | logging:callHandlers:1737 - Application shutdown complete.
2026-06-10 13:10:56.231 | INFO     | logging:callHandlers:1737 - Started server process [10578]
2026-06-10 13:10:56.231 | INFO     | logging:callHandlers:1737 - Waiting for application startup.
2026-06-10 13:10:56.232 | INFO     | logging:callHandlers:1737 - Application startup complete.
2026-06-10 13:11:36.597 | INFO     | logging:callHandlers:1737 - Shutting down
2026-06-10 13:11:37.903 | INFO     | logging:callHandlers:1737 - Started server process [10978]
2026-06-10 13:11:37.904 | INFO     | logging:callHandlers:1737 - Waiting for application startup.
2026-06-10 13:11:37.905 | INFO     | logging:callHandlers:1737 - Application startup complete.
2026-06-10 13:11:43.446 | INFO     | logging:callHandlers:1737 - Shutting down
2026-06-10 13:11:44.410 | INFO     | logging:callHandlers:1737 - Started server process [11059]
2026-06-10 13:11:44.411 | INFO     | logging:callHandlers:1737 - Waiting for application startup.
2026-06-10 13:11:44.411 | INFO     | logging:callHandlers:1737 - Application startup complete.
2026-06-10 13:12:47.375 | INFO     | logging:callHandlers:1737 - Shutting down
2026-06-10 13:12:48.145 | INFO     | logging:callHandlers:1737 - Started server process [11562]
2026-06-10 13:12:48.145 | INFO     | logging:callHandlers:1737 - Waiting for application startup.
2026-06-10 13:12:48.146 | INFO     | logging:callHandlers:1737 - Application startup complete.
2026-06-10 13:14:34.277 | INFO     | logging:callHandlers:1737 - Shutting down
2026-06-10 13:14:34.995 | INFO     | logging:callHandlers:1737 - Started server process [12136]
2026-06-10 13:14:34.995 | INFO     | logging:callHandlers:1737 - Waiting for application startup.
2026-06-10 13:14:34.996 | INFO     | logging:callHandlers:1737 - Application startup complete.
